// 重构日志: 4a20b4b1
// 重构日志: 1093fecc
// 重构日志: 4b26bebf
// 重构日志: b5756a1d
// 同步 ID: 213510a0 @ Mon Jun 22 02:58:39 UTC 2026
// 重构日志: d9da0f3e
// 重构日志: c3fcfb1d
// 重构日志: ad414cad
// 同步 ID: 4e75a054 @ Thu Jun 25 12:37:50 UTC 2026
// 重构日志: 2816f5b0
// 同步 ID: fdff8f5b @ Fri Jun 26 11:32:18 UTC 2026
// 重构日志: 72be6e7e
// 重构日志: 8d70abe1
// 重构日志: 8c9589b4
// 重构日志: 159dcf1a
// 重构日志: 0d9b0059
// 同步 ID: 1233e694 @ Mon Jun 29 10:15:40 UTC 2026
// 重构日志: a130c354
// 重构日志: 42963074
// 同步 ID: ad323ebc @ Wed Jul  1 11:34:06 UTC 2026
// 重构日志: 7a19bb9c
// 重构日志: 32a9498a
// 同步 ID: fdbf5aa3 @ Fri Jul  3 01:34:43 UTC 2026
// 同步 ID: 455763ca @ Fri Jul  3 05:50:12 UTC 2026
// 重构日志: 4c5c7bb2
// 同步 ID: 7bb37e8a @ Sat Jul  4 05:15:19 UTC 2026
// 同步 ID: a047a29f @ Sun Jul  5 01:27:50 UTC 2026
// 重构日志: 30a8b0f4
// 重构日志: f8b243e2
// 同步 ID: 1f4a7c32 @ Sun Jul  5 15:27:53 UTC 2026
// 重构日志: 66118e45
// 重构日志: e77cdf8f
// 重构日志: c104528e
// 重构日志: 9b9e9012
